#
# There is insufficient memory for the Java Runtime Environment to continue.
# Native memory allocation (malloc) failed to allocate 65552 bytes for Chunk::new
# Possible reasons:
#   The system is out of physical RAM or swap space
#   The process is running with CompressedOops enabled, and the Java Heap may be blocking the growth of the native heap
# Possible solutions:
#   Reduce memory load on the system
#   Increase physical memory or swap space
#   Check if swap backing store is full
#   Decrease Java heap size (-Xmx/-Xms)
#   Decrease number of Java threads
#   Decrease Java thread stack sizes (-Xss)
#   Set larger code cache with -XX:ReservedCodeCacheSize=
#   JVM is running with Unscaled Compressed Oops mode in which the Java heap is
#     placed in the first 4GB address space. The Java Heap base address is the
#     maximum limit for the native heap growth. Please use -XX:HeapBaseMinAddress
#     to set the Java Heap base and to place the Java Heap above 4GB virtual address.
# This output file may be truncated or incomplete.
#
#  Out of Memory Error (./src/hotspot/share/memory/arena.cpp:197), pid=15536, tid=8676
#
# JRE version: OpenJDK Runtime Environment 18.9 (11.0.8+10) (build 11.0.8+10)
# Java VM: OpenJDK 64-Bit Server VM 18.9 (11.0.8+10, mixed mode, tiered, compressed oops, parallel gc, windows-amd64)
# No core dump will be written. Minidumps are not enabled by default on client versions of Windows
#

---------------  S U M M A R Y ------------

Command Line: --add-modules=ALL-SYSTEM --add-opens=java.base/java.util=ALL-UNNAMED --add-opens=java.base/java.lang=ALL-UNNAMED -Declipse.application=org.eclipse.jdt.ls.core.id1 -Dosgi.bundles.defaultStartLevel=4 -Declipse.product=org.eclipse.jdt.ls.core.product -Dfile.encoding=utf8 -DwatchParentProcess=false -XX:+UseParallelGC -XX:GCTimeRatio=4 -XX:AdaptiveSizePolicyWeight=90 -Dsun.zip.disableMemoryMapping=true -Xmx1G -Xms100m -javaagent:c:\Users\nguyen huu tri\.vscode\extensions\gabrielbb.vscode-lombok-1.0.1\server\lombok.jar -Xverify:none c:\Users\nguyen huu tri\.vscode\extensions\redhat.java-0.81.0\server\plugins\org.eclipse.equinox.launcher_1.6.200.v20210416-2027.jar -configuration c:\Users\nguyen huu tri\AppData\Roaming\Code\User\globalStorage\redhat.java\0.81.0\config_win -data c:\Users\nguyen huu tri\AppData\Roaming\Code\User\workspaceStorage\20ed4487bc23ebafb42902d65bc63daa\redhat.java\jdt_ws

Host: Intel(R) Core(TM) i5-8250U CPU @ 1.60GHz, 8 cores, 7G,  Windows 10 , 64 bit Build 19041 (10.0.19041.1151)
Time: Tue Sep 14 21:20:47 2021 SE Asia Standard Time elapsed time: 205 seconds (0d 0h 3m 25s)

---------------  T H R E A D  ---------------

Current thread (0x0000021162a54000):  JavaThread "C2 CompilerThread0" daemon [_thread_in_native, id=8676, stack(0x000000f57e600000,0x000000f57e700000)]


Current CompileTask:
C2: 205352 8950   !   4       org.eclipse.jdt.internal.core.search.indexing.BinaryIndexer::indexDocument (1144 bytes)

Stack: [0x000000f57e600000,0x000000f57e700000]
Native frames: (J=compiled Java code, j=interpreted, Vv=VM code, C=native code)
V  [jvm.dll+0x63c6da]
V  [jvm.dll+0x77e2fe]
V  [jvm.dll+0x77f9ec]
V  [jvm.dll+0x7800a3]
V  [jvm.dll+0x25dc68]
V  [jvm.dll+0xc2141]
V  [jvm.dll+0xc22aa]
V  [jvm.dll+0x61a4df]
V  [jvm.dll+0x546a58]
V  [jvm.dll+0x545f36]
V  [jvm.dll+0x54570f]
V  [jvm.dll+0x545723]
V  [jvm.dll+0x545723]
V  [jvm.dll+0x545723]
V  [jvm.dll+0x545723]
V  [jvm.dll+0x545723]
V  [jvm.dll+0x545723]
V  [jvm.dll+0x545723]
V  [jvm.dll+0x545723]
V  [jvm.dll+0x545723]
V  [jvm.dll+0x545723]
V  [jvm.dll+0x545723]
V  [jvm.dll+0x545723]
V  [jvm.dll+0x545723]
V  [jvm.dll+0x545723]
V  [jvm.dll+0x545723]
V  [jvm.dll+0x545723]
V  [jvm.dll+0x545723]
V  [jvm.dll+0x545723]
V  [jvm.dll+0x556fd5]
V  [jvm.dll+0x21891b]
V  [jvm.dll+0x215de6]
V  [jvm.dll+0x19465c]
V  [jvm.dll+0x225594]
V  [jvm.dll+0x2237f1]
V  [jvm.dll+0x73f700]
V  [jvm.dll+0x73844d]
V  [jvm.dll+0x63b456]
C  [ucrtbase.dll+0x21bb2]
C  [KERNEL32.DLL+0x17034]
C  [ntdll.dll+0x52651]


---------------  P R O C E S S  ---------------

Threads class SMR info:
_java_thread_list=0x0000021169d23910, length=31, elements={
0x00000211479b2800, 0x0000021147a77800, 0x0000021161a03800, 0x0000021162aa4800,
0x0000021162aa5800, 0x0000021162a54000, 0x0000021162a57800, 0x0000021162a5c800,
0x0000021162be6800, 0x0000021163bde000, 0x0000021164054800, 0x0000021164487000,
0x0000021164318000, 0x00000211647fe800, 0x0000021164dd0800, 0x0000021164d5d000,
0x0000021165372000, 0x0000021164e4d800, 0x000002116522c800, 0x0000021166fb9800,
0x0000021166fba800, 0x0000021166fbb800, 0x000002116941b000, 0x000002116941c000,
0x000002116941a800, 0x000002116941d000, 0x0000021169417000, 0x0000021169422800,
0x0000021169421800, 0x000002116515b800, 0x0000021169418000
}

Java Threads: ( => current thread )
  0x00000211479b2800 JavaThread "main" [_thread_blocked, id=20908, stack(0x000000f57df00000,0x000000f57e000000)]
  0x0000021147a77800 JavaThread "Reference Handler" daemon [_thread_blocked, id=18052, stack(0x000000f57e200000,0x000000f57e300000)]
  0x0000021161a03800 JavaThread "Finalizer" daemon [_thread_blocked, id=12956, stack(0x000000f57e300000,0x000000f57e400000)]
  0x0000021162aa4800 JavaThread "Signal Dispatcher" daemon [_thread_blocked, id=9852, stack(0x000000f57e400000,0x000000f57e500000)]
  0x0000021162aa5800 JavaThread "Attach Listener" daemon [_thread_blocked, id=12736, stack(0x000000f57e500000,0x000000f57e600000)]
=>0x0000021162a54000 JavaThread "C2 CompilerThread0" daemon [_thread_in_native, id=8676, stack(0x000000f57e600000,0x000000f57e700000)]
  0x0000021162a57800 JavaThread "C1 CompilerThread0" daemon [_thread_blocked, id=12292, stack(0x000000f57e700000,0x000000f57e800000)]
  0x0000021162a5c800 JavaThread "Sweeper thread" daemon [_thread_blocked, id=4840, stack(0x000000f57e800000,0x000000f57e900000)]
  0x0000021162be6800 JavaThread "Common-Cleaner" daemon [_thread_blocked, id=18844, stack(0x000000f57e900000,0x000000f57ea00000)]
  0x0000021163bde000 JavaThread "Service Thread" daemon [_thread_blocked, id=19280, stack(0x000000f57eb00000,0x000000f57ec00000)]
  0x0000021164054800 JavaThread "Active Thread: Equinox Container: dc7f4cc1-1c4a-46e8-95af-32141c6d7c13" [_thread_blocked, id=13560, stack(0x000000f57ef00000,0x000000f57f000000)]
  0x0000021164487000 JavaThread "Framework Event Dispatcher: Equinox Container: dc7f4cc1-1c4a-46e8-95af-32141c6d7c13" daemon [_thread_blocked, id=8464, stack(0x000000f57f100000,0x000000f57f200000)]
  0x0000021164318000 JavaThread "Start Level: Equinox Container: dc7f4cc1-1c4a-46e8-95af-32141c6d7c13" daemon [_thread_blocked, id=10024, stack(0x000000f57f200000,0x000000f57f300000)]
  0x00000211647fe800 JavaThread "SCR Component Actor" daemon [_thread_blocked, id=17524, stack(0x000000f57f300000,0x000000f57f400000)]
  0x0000021164dd0800 JavaThread "Bundle File Closer" daemon [_thread_blocked, id=13980, stack(0x000000f57f500000,0x000000f57f600000)]
  0x0000021164d5d000 JavaThread "Worker-JM" [_thread_blocked, id=15072, stack(0x000000f57f600000,0x000000f57f700000)]
  0x0000021165372000 JavaThread "Worker-0" [_thread_blocked, id=19508, stack(0x000000f57f900000,0x000000f57fa00000)]
  0x0000021164e4d800 JavaThread "Worker-1: Building" [_thread_in_vm, id=14112, stack(0x000000f57fa00000,0x000000f57fb00000)]
  0x000002116522c800 JavaThread "Worker-2: Java indexing... " [_thread_blocked, id=13412, stack(0x000000f57fb00000,0x000000f57fc00000)]
  0x0000021166fb9800 JavaThread "Java indexing" daemon [_thread_in_Java, id=12120, stack(0x000000f57fe00000,0x000000f57ff00000)]
  0x0000021166fba800 JavaThread "logback configurator timer" daemon [_thread_blocked, id=13112, stack(0x000000f57f400000,0x000000f57f500000)]
  0x0000021166fbb800 JavaThread "pool-2-thread-1" [_thread_in_native, id=12772, stack(0x000000f500000000,0x000000f500100000)]
  0x000002116941b000 JavaThread "ForkJoinPool.commonPool-worker-3" daemon [_thread_blocked, id=11024, stack(0x000000f500d00000,0x000000f500e00000)]
  0x000002116941c000 JavaThread "ForkJoinPool.commonPool-worker-5" daemon [_thread_blocked, id=1424, stack(0x000000f500100000,0x000000f500200000)]
  0x000002116941a800 JavaThread "ForkJoinPool.commonPool-worker-7" daemon [_thread_blocked, id=12924, stack(0x000000f500c00000,0x000000f500d00000)]
  0x000002116941d000 JavaThread "ForkJoinPool.commonPool-worker-9" daemon [_thread_blocked, id=768, stack(0x000000f500e00000,0x000000f500f00000)]
  0x0000021169417000 JavaThread "ForkJoinPool.commonPool-worker-11" daemon [_thread_blocked, id=14436, stack(0x000000f500f00000,0x000000f501000000)]
  0x0000021169422800 JavaThread "ForkJoinPool.commonPool-worker-13" daemon [_thread_blocked, id=14648, stack(0x000000f501000000,0x000000f501100000)]
  0x0000021169421800 JavaThread "ForkJoinPool.commonPool-worker-15" daemon [_thread_blocked, id=16032, stack(0x000000f501100000,0x000000f501200000)]
  0x000002116515b800 JavaThread "C2 CompilerThread1" daemon [_thread_in_native, id=20344, stack(0x000000f500200000,0x000000f500300000)]
  0x0000021169418000 JavaThread "Worker-4" [_thread_blocked, id=13664, stack(0x000000f500300000,0x000000f500400000)]

Other Threads:
  0x0000021162a52000 VMThread "VM Thread" [stack: 0x000000f57e100000,0x000000f57e200000] [id=19676]
  0x0000021163be0000 WatcherThread [stack: 0x000000f57ec00000,0x000000f57ed00000] [id=18984]
  0x00000211479c9000 GCTaskThread "ParGC Thread#0" [stack: 0x000000f57e000000,0x000000f57e100000] [id=20700]
  0x0000021163e7c000 GCTaskThread "ParGC Thread#1" [stack: 0x000000f57ed00000,0x000000f57ee00000] [id=15520]
  0x0000021163f95000 GCTaskThread "ParGC Thread#2" [stack: 0x000000f57ee00000,0x000000f57ef00000] [id=21356]
  0x0000021163f95800 GCTaskThread "ParGC Thread#3" [stack: 0x000000f57f000000,0x000000f57f100000] [id=14204]
  0x000002116522d800 GCTaskThread "ParGC Thread#4" [stack: 0x000000f57f700000,0x000000f57f800000] [id=13056]
  0x0000021164f0d800 GCTaskThread "ParGC Thread#5" [stack: 0x000000f57f800000,0x000000f57f900000] [id=18692]
  0x00000211652b5800 GCTaskThread "ParGC Thread#6" [stack: 0x000000f57fc00000,0x000000f57fd00000] [id=21444]
  0x0000021166520800 GCTaskThread "ParGC Thread#7" [stack: 0x000000f57fd00000,0x000000f57fe00000] [id=1980]

Threads with active compile tasks:
C2 CompilerThread0 205522 8950   !   4       org.eclipse.jdt.internal.core.search.indexing.BinaryIndexer::indexDocument (1144 bytes)
C2 CompilerThread1 205522 9007       4       org.eclipse.jdt.internal.compiler.classfmt.MethodInfo::createMethod (713 bytes)

VM state:not at safepoint (normal execution)

VM Mutex/Monitor currently owned by a thread: None

Heap address: 0x00000000c0000000, size: 1024 MB, Compressed Oops mode: 32-bit
Narrow klass base: 0x0000000000000000, Narrow klass shift: 3
Compressed class space size: 1073741824 Address: 0x0000000100000000

Heap:
 PSYoungGen      total 37888K, used 24841K [0x00000000eab00000, 0x00000000eeb00000, 0x0000000100000000)
  eden space 24064K, 47% used [0x00000000eab00000,0x00000000eb62a3e8,0x00000000ec280000)
  from space 13824K, 96% used [0x00000000edd80000,0x00000000eea98148,0x00000000eeb00000)
  to   space 17408K, 0% used [0x00000000ec900000,0x00000000ec900000,0x00000000eda00000)
 ParOldGen       total 699392K, used 154173K [0x00000000c0000000, 0x00000000eab00000, 0x00000000eab00000)
  object space 699392K, 22% used [0x00000000c0000000,0x00000000c968f6e0,0x00000000eab00000)
 Metaspace       used 68191K, capacity 71524K, committed 71680K, reserved 1112064K
  class space    used 6832K, capacity 8081K, committed 8192K, reserved 1048576K

Card table byte_map: [0x0000021147370000,0x0000021147580000] _byte_map_base: 0x0000021146d70000

Marking Bits: (ParMarkBitMap*) 0x00007ffc0b36c000
 Begin Bits: [0x000002115f020000, 0x0000021160020000)
 End Bits:   [0x0000021160020000, 0x0000021161020000)

Polling page: 0x0000021145940000

Metaspace:

Usage:
  Non-class:     61.96 MB capacity,    59.92 MB ( 97%) used,     1.89 MB (  3%) free+waste,   146.38 KB ( <1%) overhead. 
      Class:      7.89 MB capacity,     6.67 MB ( 85%) used,     1.15 MB ( 15%) free+waste,    67.00 KB ( <1%) overhead. 
       Both:     69.85 MB capacity,    66.59 MB ( 95%) used,     3.05 MB (  4%) free+waste,   213.38 KB ( <1%) overhead. 

Virtual space:
  Non-class space:       62.00 MB reserved,      62.00 MB (100%) committed 
      Class space:        1.00 GB reserved,       8.00 MB ( <1%) committed 
             Both:        1.06 GB reserved,      70.00 MB (  6%) committed 

Chunk freelists:
   Non-Class:  45.00 KB
       Class:  15.00 KB
        Both:  60.00 KB

MaxMetaspaceSize: 17179869184.00 GB
CompressedClassSpaceSize: 1.00 GB

CodeHeap 'non-profiled nmethods': size=120000Kb used=4740Kb max_used=5146Kb free=115259Kb
 bounds [0x0000021157af0000, 0x0000021158010000, 0x000002115f020000]
CodeHeap 'profiled nmethods': size=120000Kb used=17001Kb max_used=19265Kb free=102998Kb
 bounds [0x00000211505c0000, 0x00000211518c0000, 0x0000021157af0000]
CodeHeap 'non-nmethods': size=5760Kb used=1285Kb max_used=1382Kb free=4474Kb
 bounds [0x0000021150020000, 0x0000021150290000, 0x00000211505c0000]
 total_blobs=8061 nmethods=7375 adapters=598
 compilation: enabled
              stopped_count=0, restarted_count=0
 full_count=0

Compilation events (20 events):
Event: 205.305 Thread 0x0000021162a57800 9076       1       org.eclipse.core.internal.jobs.InternalJob::internalSetRule (6 bytes)
Event: 205.305 Thread 0x0000021162a57800 nmethod 9076 0x0000021157d3ed10 code [0x0000021157d3eec0, 0x0000021157d3ef98]
Event: 205.309 Thread 0x0000021162a57800 9078       1       java.util.Formatter$FixedString::index (3 bytes)
Event: 205.309 Thread 0x0000021162a57800 nmethod 9078 0x0000021157d3ea10 code [0x0000021157d3ebc0, 0x0000021157d3ec78]
Event: 205.315 Thread 0x0000021162a57800 9079       2       sun.util.locale.provider.LocaleProviderAdapter::getAdapter (177 bytes)
Event: 205.317 Thread 0x0000021162a57800 nmethod 9079 0x0000021150867310 code [0x00000211508675c0, 0x0000021150867d48]
Event: 205.317 Thread 0x0000021162a57800 9080       2       sun.util.locale.LocaleUtils::isAlphaNumericString (33 bytes)
Event: 205.318 Thread 0x0000021162a57800 nmethod 9080 0x0000021150866b10 code [0x0000021150866ce0, 0x0000021150867058]
Event: 205.318 Thread 0x0000021162a57800 9081       2       org.eclipse.core.runtime.Status::matches (13 bytes)
Event: 205.318 Thread 0x0000021162a57800 nmethod 9081 0x0000021150866790 code [0x0000021150866940, 0x0000021150866a58]
Event: 205.318 Thread 0x0000021162a57800 9082       1       org.eclipse.lsp4j.jsonrpc.messages.NotificationMessage::setMethod (6 bytes)
Event: 205.318 Thread 0x0000021162a57800 nmethod 9082 0x0000021157d3e710 code [0x0000021157d3e8c0, 0x0000021157d3e998]
Event: 205.318 Thread 0x0000021162a57800 9083       1       org.eclipse.lsp4j.jsonrpc.messages.NotificationMessage::setParams (6 bytes)
Event: 205.318 Thread 0x0000021162a57800 nmethod 9083 0x0000021157d3e410 code [0x0000021157d3e5c0, 0x0000021157d3e698]
Event: 205.319 Thread 0x0000021162a57800 9084       1       org.eclipse.lsp4j.jsonrpc.messages.NotificationMessage::getParams (5 bytes)
Event: 205.319 Thread 0x0000021162a57800 nmethod 9084 0x0000021157d3e110 code [0x0000021157d3e2c0, 0x0000021157d3e378]
Event: 205.320 Thread 0x0000021162a57800 9085       1       org.eclipse.lsp4j.jsonrpc.json.JsonRpcMethod::getParameterTypes (5 bytes)
Event: 205.320 Thread 0x0000021162a57800 nmethod 9085 0x0000021157d5b710 code [0x0000021157d5b8c0, 0x0000021157d5b978]
Event: 205.323 Thread 0x0000021162a57800 9086       2       sun.nio.cs.StreamEncoder::writeBytes (132 bytes)
Event: 205.325 Thread 0x0000021162a57800 nmethod 9086 0x0000021150865e90 code [0x00000211508660c0, 0x0000021150866518]

GC Heap History (20 events):
Event: 202.605 GC heap before
{Heap before GC invocations=403 (full 353):
 PSYoungGen      total 33792K, used 23551K [0x00000000eab00000, 0x00000000ed680000, 0x0000000100000000)
  eden space 23552K, 99% used [0x00000000eab00000,0x00000000ec1fffb0,0x00000000ec200000)
  from space 10240K, 0% used [0x00000000ec200000,0x00000000ec200000,0x00000000ecc00000)
  to   space 9728K, 0% used [0x00000000ecd00000,0x00000000ecd00000,0x00000000ed680000)
 ParOldGen       total 140288K, used 140007K [0x00000000c0000000, 0x00000000c8900000, 0x00000000eab00000)
  object space 140288K, 99% used [0x00000000c0000000,0x00000000c88b9c10,0x00000000c8900000)
 Metaspace       used 68039K, capacity 71425K, committed 71552K, reserved 1112064K
  class space    used 6827K, capacity 8048K, committed 8064K, reserved 1048576K
}
Event: 202.893 GC heap after
{Heap after GC invocations=403 (full 353):
 PSYoungGen      total 33280K, used 23551K [0x00000000eab00000, 0x00000000ed680000, 0x0000000100000000)
  eden space 23552K, 99% used [0x00000000eab00000,0x00000000ec1fffb0,0x00000000ec200000)
  from space 9728K, 0% used [0x00000000ecd00000,0x00000000ecd00000,0x00000000ed680000)
  to   space 10240K, 0% used [0x00000000ec200000,0x00000000ec200000,0x00000000ecc00000)
 ParOldGen       total 140288K, used 140007K [0x00000000c0000000, 0x00000000c8900000, 0x00000000eab00000)
  object space 140288K, 99% used [0x00000000c0000000,0x00000000c88b9c10,0x00000000c8900000)
 Metaspace       used 68039K, capacity 71425K, committed 71552K, reserved 1112064K
  class space    used 6827K, capacity 8048K, committed 8064K, reserved 1048576K
}
Event: 202.895 GC heap before
{Heap before GC invocations=404 (full 354):
 PSYoungGen      total 33280K, used 23552K [0x00000000eab00000, 0x00000000ed680000, 0x0000000100000000)
  eden space 23552K, 100% used [0x00000000eab00000,0x00000000ec200000,0x00000000ec200000)
  from space 9728K, 0% used [0x00000000ecd00000,0x00000000ecd00000,0x00000000ed680000)
  to   space 10240K, 0% used [0x00000000ec200000,0x00000000ec200000,0x00000000ecc00000)
 ParOldGen       total 140288K, used 140009K [0x00000000c0000000, 0x00000000c8900000, 0x00000000eab00000)
  object space 140288K, 99% used [0x00000000c0000000,0x00000000c88ba498,0x00000000c8900000)
 Metaspace       used 68039K, capacity 71425K, committed 71552K, reserved 1112064K
  class space    used 6827K, capacity 8048K, committed 8064K, reserved 1048576K
}
Event: 203.261 GC heap after
{Heap after GC invocations=404 (full 354):
 PSYoungGen      total 33792K, used 23551K [0x00000000eab00000, 0x00000000ed680000, 0x0000000100000000)
  eden space 23552K, 99% used [0x00000000eab00000,0x00000000ec1ffe78,0x00000000ec200000)
  from space 10240K, 0% used [0x00000000ec200000,0x00000000ec200000,0x00000000ecc00000)
  to   space 9728K, 0% used [0x00000000ecd00000,0x00000000ecd00000,0x00000000ed680000)
 ParOldGen       total 140288K, used 139983K [0x00000000c0000000, 0x00000000c8900000, 0x00000000eab00000)
  object space 140288K, 99% used [0x00000000c0000000,0x00000000c88b3cf0,0x00000000c8900000)
 Metaspace       used 68039K, capacity 71425K, committed 71552K, reserved 1112064K
  class space    used 6827K, capacity 8048K, committed 8064K, reserved 1048576K
}
Event: 203.261 GC heap before
{Heap before GC invocations=405 (full 355):
 PSYoungGen      total 33792K, used 23551K [0x00000000eab00000, 0x00000000ed680000, 0x0000000100000000)
  eden space 23552K, 99% used [0x00000000eab00000,0x00000000ec1fffd0,0x00000000ec200000)
  from space 10240K, 0% used [0x00000000ec200000,0x00000000ec200000,0x00000000ecc00000)
  to   space 9728K, 0% used [0x00000000ecd00000,0x00000000ecd00000,0x00000000ed680000)
 ParOldGen       total 140288K, used 139983K [0x00000000c0000000, 0x00000000c8900000, 0x00000000eab00000)
  object space 140288K, 99% used [0x00000000c0000000,0x00000000c88b3cf0,0x00000000c8900000)
 Metaspace       used 68039K, capacity 71425K, committed 71552K, reserved 1112064K
  class space    used 6827K, capacity 8048K, committed 8064K, reserved 1048576K
}
Event: 203.538 GC heap after
{Heap after GC invocations=405 (full 355):
 PSYoungGen      total 33280K, used 23551K [0x00000000eab00000, 0x00000000ed680000, 0x0000000100000000)
  eden space 23552K, 99% used [0x00000000eab00000,0x00000000ec1fff88,0x00000000ec200000)
  from space 9728K, 0% used [0x00000000ecd00000,0x00000000ecd00000,0x00000000ed680000)
  to   space 10240K, 0% used [0x00000000ec200000,0x00000000ec200000,0x00000000ecc00000)
 ParOldGen       total 140288K, used 139982K [0x00000000c0000000, 0x00000000c8900000, 0x00000000eab00000)
  object space 140288K, 99% used [0x00000000c0000000,0x00000000c88b3ad8,0x00000000c8900000)
 Metaspace       used 68039K, capacity 71425K, committed 71552K, reserved 1112064K
  class space    used 6827K, capacity 8048K, committed 8064K, reserved 1048576K
}
Event: 203.539 GC heap before
{Heap before GC invocations=406 (full 356):
 PSYoungGen      total 33280K, used 23552K [0x00000000eab00000, 0x00000000ed680000, 0x0000000100000000)
  eden space 23552K, 100% used [0x00000000eab00000,0x00000000ec200000,0x00000000ec200000)
  from space 9728K, 0% used [0x00000000ecd00000,0x00000000ecd00000,0x00000000ed680000)
  to   space 10240K, 0% used [0x00000000ec200000,0x00000000ec200000,0x00000000ecc00000)
 ParOldGen       total 140288K, used 139988K [0x00000000c0000000, 0x00000000c8900000, 0x00000000eab00000)
  object space 140288K, 99% used [0x00000000c0000000,0x00000000c88b5148,0x00000000c8900000)
 Metaspace       used 68039K, capacity 71425K, committed 71552K, reserved 1112064K
  class space    used 6827K, capacity 8048K, committed 8064K, reserved 1048576K
}
Event: 203.931 GC heap after
{Heap after GC invocations=406 (full 356):
 PSYoungGen      total 33792K, used 23551K [0x00000000eab00000, 0x00000000ed680000, 0x0000000100000000)
  eden space 23552K, 99% used [0x00000000eab00000,0x00000000ec1fff40,0x00000000ec200000)
  from space 10240K, 0% used [0x00000000ec200000,0x00000000ec200000,0x00000000ecc00000)
  to   space 9728K, 0% used [0x00000000ecd00000,0x00000000ecd00000,0x00000000ed680000)
 ParOldGen       total 140288K, used 139984K [0x00000000c0000000, 0x00000000c8900000, 0x00000000eab00000)
  object space 140288K, 99% used [0x00000000c0000000,0x00000000c88b43c8,0x00000000c8900000)
 Metaspace       used 68039K, capacity 71425K, committed 71552K, reserved 1112064K
  class space    used 6827K, capacity 8048K, committed 8064K, reserved 1048576K
}
Event: 203.932 GC heap before
{Heap before GC invocations=407 (full 357):
 PSYoungGen      total 33792K, used 23551K [0x00000000eab00000, 0x00000000ed680000, 0x0000000100000000)
  eden space 23552K, 99% used [0x00000000eab00000,0x00000000ec1fff58,0x00000000ec200000)
  from space 10240K, 0% used [0x00000000ec200000,0x00000000ec200000,0x00000000ecc00000)
  to   space 9728K, 0% used [0x00000000ecd00000,0x00000000ecd00000,0x00000000ed680000)
 ParOldGen       total 140288K, used 139984K [0x00000000c0000000, 0x00000000c8900000, 0x00000000eab00000)
  object space 140288K, 99% used [0x00000000c0000000,0x00000000c88b43c8,0x00000000c8900000)
 Metaspace       used 68039K, capacity 71425K, committed 71552K, reserved 1112064K
  class space    used 6827K, capacity 8048K, committed 8064K, reserved 1048576K
}
Event: 204.221 GC heap after
{Heap after GC invocations=407 (full 357):
 PSYoungGen      total 33280K, used 23551K [0x00000000eab00000, 0x00000000ed680000, 0x0000000100000000)
  eden space 23552K, 99% used [0x00000000eab00000,0x00000000ec1fff58,0x00000000ec200000)
  from space 9728K, 0% used [0x00000000ecd00000,0x00000000ecd00000,0x00000000ed680000)
  to   space 10240K, 0% used [0x00000000ec200000,0x00000000ec200000,0x00000000ecc00000)
 ParOldGen       total 140288K, used 139984K [0x00000000c0000000, 0x00000000c8900000, 0x00000000eab00000)
  object space 140288K, 99% used [0x00000000c0000000,0x00000000c88b43c8,0x00000000c8900000)
 Metaspace       used 68039K, capacity 71425K, committed 71552K, reserved 1112064K
  class space    used 6827K, capacity 8048K, committed 8064K, reserved 1048576K
}
Event: 204.222 GC heap before
{Heap before GC invocations=408 (full 358):
 PSYoungGen      total 33280K, used 23552K [0x00000000eab00000, 0x00000000ed680000, 0x0000000100000000)
  eden space 23552K, 100% used [0x00000000eab00000,0x00000000ec200000,0x00000000ec200000)
  from space 9728K, 0% used [0x00000000ecd00000,0x00000000ecd00000,0x00000000ed680000)
  to   space 10240K, 0% used [0x00000000ec200000,0x00000000ec200000,0x00000000ecc00000)
 ParOldGen       total 140288K, used 139988K [0x00000000c0000000, 0x00000000c8900000, 0x00000000eab00000)
  object space 140288K, 99% used [0x00000000c0000000,0x00000000c88b50c8,0x00000000c8900000)
 Metaspace       used 68039K, capacity 71425K, committed 71552K, reserved 1112064K
  class space    used 6827K, capacity 8048K, committed 8064K, reserved 1048576K
}
Event: 204.465 GC heap after
{Heap after GC invocations=408 (full 358):
 PSYoungGen      total 33792K, used 23551K [0x00000000eab00000, 0x00000000ed680000, 0x0000000100000000)
  eden space 23552K, 99% used [0x00000000eab00000,0x00000000ec1fff78,0x00000000ec200000)
  from space 10240K, 0% used [0x00000000ec200000,0x00000000ec200000,0x00000000ecc00000)
  to   space 9728K, 0% used [0x00000000ecd00000,0x00000000ecd00000,0x00000000ed680000)
 ParOldGen       total 140288K, used 139986K [0x00000000c0000000, 0x00000000c8900000, 0x00000000eab00000)
  object space 140288K, 99% used [0x00000000c0000000,0x00000000c88b4850,0x00000000c8900000)
 Metaspace       used 68039K, capacity 71425K, committed 71552K, reserved 1112064K
  class space    used 6827K, capacity 8048K, committed 8064K, reserved 1048576K
}
Event: 204.465 GC heap before
{Heap before GC invocations=409 (full 359):
 PSYoungGen      total 33792K, used 23551K [0x00000000eab00000, 0x00000000ed680000, 0x0000000100000000)
  eden space 23552K, 99% used [0x00000000eab00000,0x00000000ec1fffe8,0x00000000ec200000)
  from space 10240K, 0% used [0x00000000ec200000,0x00000000ec200000,0x00000000ecc00000)
  to   space 9728K, 0% used [0x00000000ecd00000,0x00000000ecd00000,0x00000000ed680000)
 ParOldGen       total 140288K, used 139986K [0x00000000c0000000, 0x00000000c8900000, 0x00000000eab00000)
  object space 140288K, 99% used [0x00000000c0000000,0x00000000c88b4850,0x00000000c8900000)
 Metaspace       used 68039K, capacity 71425K, committed 71552K, reserved 1112064K
  class space    used 6827K, capacity 8048K, committed 8064K, reserved 1048576K
}
Event: 204.663 GC heap after
{Heap after GC invocations=409 (full 359):
 PSYoungGen      total 33280K, used 23551K [0x00000000eab00000, 0x00000000ed680000, 0x0000000100000000)
  eden space 23552K, 99% used [0x00000000eab00000,0x00000000ec1fff90,0x00000000ec200000)
  from space 9728K, 0% used [0x00000000ecd00000,0x00000000ecd00000,0x00000000ed680000)
  to   space 10240K, 0% used [0x00000000ec200000,0x00000000ec200000,0x00000000ecc00000)
 ParOldGen       total 140288K, used 139986K [0x00000000c0000000, 0x00000000c8900000, 0x00000000eab00000)
  object space 140288K, 99% used [0x00000000c0000000,0x00000000c88b4838,0x00000000c8900000)
 Metaspace       used 68039K, capacity 71425K, committed 71552K, reserved 1112064K
  class space    used 6827K, capacity 8048K, committed 8064K, reserved 1048576K
}
Event: 204.663 GC heap before
{Heap before GC invocations=410 (full 360):
 PSYoungGen      total 33280K, used 23551K [0x00000000eab00000, 0x00000000ed680000, 0x0000000100000000)
  eden space 23552K, 99% used [0x00000000eab00000,0x00000000ec1ffff0,0x00000000ec200000)
  from space 9728K, 0% used [0x00000000ecd00000,0x00000000ecd00000,0x00000000ed680000)
  to   space 10240K, 0% used [0x00000000ec200000,0x00000000ec200000,0x00000000ecc00000)
 ParOldGen       total 140288K, used 139986K [0x00000000c0000000, 0x00000000c8900000, 0x00000000eab00000)
  object space 140288K, 99% used [0x00000000c0000000,0x00000000c88b4838,0x00000000c8900000)
 Metaspace       used 68039K, capacity 71425K, committed 71552K, reserved 1112064K
  class space    used 6827K, capacity 8048K, committed 8064K, reserved 1048576K
}
Event: 204.845 GC heap after
{Heap after GC invocations=410 (full 360):
 PSYoungGen      total 33792K, used 23551K [0x00000000eab00000, 0x00000000ed680000, 0x0000000100000000)
  eden space 23552K, 99% used [0x00000000eab00000,0x00000000ec1fffc8,0x00000000ec200000)
  from space 10240K, 0% used [0x00000000ec200000,0x00000000ec200000,0x00000000ecc00000)
  to   space 9728K, 0% used [0x00000000ecd00000,0x00000000ecd00000,0x00000000ed680000)
 ParOldGen       total 140288K, used 139986K [0x00000000c0000000, 0x00000000c8900000, 0x00000000eab00000)
  object space 140288K, 99% used [0x00000000c0000000,0x00000000c88b4838,0x00000000c8900000)
 Metaspace       used 68039K, capacity 71425K, committed 71552K, reserved 1112064K
  class space    used 6827K, capacity 8048K, committed 8064K, reserved 1048576K
}
Event: 204.846 GC heap before
{Heap before GC invocations=411 (full 361):
 PSYoungGen      total 33792K, used 23551K [0x00000000eab00000, 0x00000000ed680000, 0x0000000100000000)
  eden space 23552K, 99% used [0x00000000eab00000,0x00000000ec1ffff0,0x00000000ec200000)
  from space 10240K, 0% used [0x00000000ec200000,0x00000000ec200000,0x00000000ecc00000)
  to   space 9728K, 0% used [0x00000000ecd00000,0x00000000ecd00000,0x00000000ed680000)
 ParOldGen       total 140288K, used 139986K [0x00000000c0000000, 0x00000000c8900000, 0x00000000eab00000)
  object space 140288K, 99% used [0x00000000c0000000,0x00000000c88b4838,0x00000000c8900000)
 Metaspace       used 68039K, capacity 71425K, committed 71552K, reserved 1112064K
  class space    used 6827K, capacity 8048K, committed 8064K, reserved 1048576K
}
Event: 205.122 GC heap after
{Heap after GC invocations=411 (full 361):
 PSYoungGen      total 33280K, used 23551K [0x00000000eab00000, 0x00000000ed680000, 0x0000000100000000)
  eden space 23552K, 99% used [0x00000000eab00000,0x00000000ec1ffff0,0x00000000ec200000)
  from space 9728K, 0% used [0x00000000ecd00000,0x00000000ecd00000,0x00000000ed680000)
  to   space 10240K, 0% used [0x00000000ec200000,0x00000000ec200000,0x00000000ecc00000)
 ParOldGen       total 699392K, used 139986K [0x00000000c0000000, 0x00000000eab00000, 0x00000000eab00000)
  object space 699392K, 20% used [0x00000000c0000000,0x00000000c88b4838,0x00000000eab00000)
 Metaspace       used 68039K, capacity 71425K, committed 71552K, reserved 1112064K
  class space    used 6827K, capacity 8048K, committed 8064K, reserved 1048576K
}
Event: 205.123 GC heap before
{Heap before GC invocations=412 (full 361):
 PSYoungGen      total 33280K, used 23552K [0x00000000eab00000, 0x00000000ed680000, 0x0000000100000000)
  eden space 23552K, 100% used [0x00000000eab00000,0x00000000ec200000,0x00000000ec200000)
  from space 9728K, 0% used [0x00000000ecd00000,0x00000000ecd00000,0x00000000ed680000)
  to   space 10240K, 0% used [0x00000000ec200000,0x00000000ec200000,0x00000000ecc00000)
 ParOldGen       total 699392K, used 139988K [0x00000000c0000000, 0x00000000eab00000, 0x00000000eab00000)
  object space 699392K, 20% used [0x00000000c0000000,0x00000000c88b53b0,0x00000000eab00000)
 Metaspace       used 68039K, capacity 71425K, committed 71552K, reserved 1112064K
  class space    used 6827K, capacity 8048K, committed 8064K, reserved 1048576K
}
Event: 205.169 GC heap after
{Heap after GC invocations=412 (full 361):
 PSYoungGen      total 33792K, used 10225K [0x00000000eab00000, 0x00000000ef880000, 0x0000000100000000)
  eden space 23552K, 0% used [0x00000000eab00000,0x00000000eab00000,0x00000000ec200000)
  from space 10240K, 99% used [0x00000000ec200000,0x00000000ecbfc428,0x00000000ecc00000)
  to   space 27648K, 0% used [0x00000000edd80000,0x00000000edd80000,0x00000000ef880000)
 ParOldGen       total 699392K, used 154165K [0x00000000c0000000, 0x00000000eab00000, 0x00000000eab00000)
  object space 699392K, 22% used [0x00000000c0000000,0x00000000c968d6e0,0x00000000eab00000)
 Metaspace       used 68039K, capacity 71425K, committed 71552K, reserved 1112064K
  class space    used 6827K, capacity 8048K, committed 8064K, reserved 1048576K
}

Deoptimization events (20 events):
Event: 148.806 Thread 0x0000021166fb9800 DEOPT PACKING pc=0x00000211518b0bd5 sp=0x000000f57fefea80
Event: 148.806 Thread 0x0000021166fb9800 DEOPT UNPACKING pc=0x0000021150046ace sp=0x000000f57fefe028 mode 0
Event: 148.813 Thread 0x0000021166fb9800 DEOPT PACKING pc=0x00000211518b1120 sp=0x000000f57fefea80
Event: 148.813 Thread 0x0000021166fb9800 DEOPT UNPACKING pc=0x0000021150046ace sp=0x000000f57fefe028 mode 0
Event: 148.819 Thread 0x0000021166fb9800 DEOPT PACKING pc=0x00000211518b0bd5 sp=0x000000f57fefea80
Event: 148.819 Thread 0x0000021166fb9800 DEOPT UNPACKING pc=0x0000021150046ace sp=0x000000f57fefe028 mode 0
Event: 149.057 Thread 0x0000021166fb9800 DEOPT PACKING pc=0x00000211518b0bd5 sp=0x000000f57fefea80
Event: 149.057 Thread 0x0000021166fb9800 DEOPT UNPACKING pc=0x0000021150046ace sp=0x000000f57fefe028 mode 0
Event: 149.629 Thread 0x0000021169422800 Uncommon trap: trap_request=0xffffffde fr.pc=0x0000021157deb3dc relative=0x000000000000057c
Event: 149.629 Thread 0x0000021169422800 Uncommon trap: reason=class_check action=maybe_recompile pc=0x0000021157deb3dc method=com.google.gson.internal.bind.MapTypeAdapterFactory$Adapter.read(Lcom/google/gson/stream/JsonReader;)Ljava/util/Map; @ 1 c2
Event: 149.629 Thread 0x0000021169422800 DEOPT PACKING pc=0x0000021157deb3dc sp=0x000000f5010fe600
Event: 149.629 Thread 0x0000021169422800 DEOPT UNPACKING pc=0x0000021150046caf sp=0x000000f5010fe598 mode 2
Event: 150.875 Thread 0x0000021166fb9800 Uncommon trap: trap_request=0xfffffff4 fr.pc=0x0000021158003aa8 relative=0x000000000000b2c8
Event: 150.875 Thread 0x0000021166fb9800 Uncommon trap: reason=null_check action=make_not_entrant pc=0x0000021158003aa8 method=org.eclipse.jdt.internal.core.search.indexing.BinaryIndexer.indexDocument()V @ 561 c2
Event: 150.875 Thread 0x0000021166fb9800 DEOPT PACKING pc=0x0000021158003aa8 sp=0x000000f57fefed80
Event: 150.875 Thread 0x0000021166fb9800 DEOPT UNPACKING pc=0x0000021150046caf sp=0x000000f57fefeda8 mode 2
Event: 155.324 Thread 0x000002116941c000 Uncommon trap: trap_request=0xffffff4d fr.pc=0x0000021157f204e0 relative=0x0000000000001600
Event: 155.453 Thread 0x000002116941c000 Uncommon trap: reason=unstable_if action=reinterpret pc=0x0000021157f204e0 method=org.eclipse.core.internal.watson.ElementTree.getElementData(Lorg/eclipse/core/runtime/IPath;)Ljava/lang/Object; @ 17 c2
Event: 155.453 Thread 0x000002116941c000 DEOPT PACKING pc=0x0000021157f204e0 sp=0x000000f5001fe100
Event: 155.453 Thread 0x000002116941c000 DEOPT UNPACKING pc=0x0000021150046caf sp=0x000000f5001fe0c8 mode 2

Classes redefined (0 events):
No events

Internal exceptions (20 events):
Event: 205.220 Thread 0x0000021165372000 Exception <a 'java/lang/NullPointerException'{0x00000000eb121270}> (0x00000000eb121270) thrown at [./src/hotspot/share/runtime/sharedRuntime.cpp, line 584]
Event: 205.237 Thread 0x0000021165372000 Exception <a 'java/lang/ArrayIndexOutOfBoundsException'{0x00000000eb303630}> (0x00000000eb303630) thrown at [./src/hotspot/share/runtime/sharedRuntime.cpp, line 584]
Event: 205.237 Thread 0x0000021165372000 Implicit null exception at 0x0000021151682591 to 0x00000211516826dc
Event: 205.237 Thread 0x0000021165372000 Exception <a 'java/lang/NullPointerException'{0x00000000eb307508}> (0x00000000eb307508) thrown at [./src/hotspot/share/runtime/sharedRuntime.cpp, line 584]
Event: 205.237 Thread 0x0000021165372000 Implicit null exception at 0x0000021151682591 to 0x00000211516826dc
Event: 205.237 Thread 0x0000021165372000 Exception <a 'java/lang/NullPointerException'{0x00000000eb307fd8}> (0x00000000eb307fd8) thrown at [./src/hotspot/share/runtime/sharedRuntime.cpp, line 584]
Event: 205.244 Thread 0x0000021165372000 Implicit null exception at 0x0000021151682591 to 0x00000211516826dc
Event: 205.244 Thread 0x0000021165372000 Exception <a 'java/lang/NullPointerException'{0x00000000eb399f58}> (0x00000000eb399f58) thrown at [./src/hotspot/share/runtime/sharedRuntime.cpp, line 584]
Event: 205.244 Thread 0x0000021165372000 Implicit null exception at 0x0000021151682591 to 0x00000211516826dc
Event: 205.244 Thread 0x0000021165372000 Exception <a 'java/lang/NullPointerException'{0x00000000eb39aeb8}> (0x00000000eb39aeb8) thrown at [./src/hotspot/share/runtime/sharedRuntime.cpp, line 584]
Event: 205.244 Thread 0x0000021165372000 Implicit null exception at 0x0000021151682591 to 0x00000211516826dc
Event: 205.244 Thread 0x0000021165372000 Exception <a 'java/lang/NullPointerException'{0x00000000eb39b888}> (0x00000000eb39b888) thrown at [./src/hotspot/share/runtime/sharedRuntime.cpp, line 584]
Event: 205.244 Thread 0x0000021165372000 Implicit null exception at 0x0000021151682591 to 0x00000211516826dc
Event: 205.244 Thread 0x0000021165372000 Exception <a 'java/lang/NullPointerException'{0x00000000eb39bc88}> (0x00000000eb39bc88) thrown at [./src/hotspot/share/runtime/sharedRuntime.cpp, line 584]
Event: 205.244 Thread 0x0000021165372000 Implicit null exception at 0x0000021151682591 to 0x00000211516826dc
Event: 205.244 Thread 0x0000021165372000 Exception <a 'java/lang/NullPointerException'{0x00000000eb39c868}> (0x00000000eb39c868) thrown at [./src/hotspot/share/runtime/sharedRuntime.cpp, line 584]
Event: 205.244 Thread 0x0000021165372000 Implicit null exception at 0x0000021151682591 to 0x00000211516826dc
Event: 205.244 Thread 0x0000021165372000 Exception <a 'java/lang/NullPointerException'{0x00000000eb39d3d8}> (0x00000000eb39d3d8) thrown at [./src/hotspot/share/runtime/sharedRuntime.cpp, line 584]
Event: 205.244 Thread 0x0000021165372000 Implicit null exception at 0x0000021151682591 to 0x00000211516826dc
Event: 205.244 Thread 0x0000021165372000 Exception <a 'java/lang/NullPointerException'{0x00000000eb3a0e08}> (0x00000000eb3a0e08) thrown at [./src/hotspot/share/runtime/sharedRuntime.cpp, line 584]

Events (20 events):
Event: 205.188 Thread 0x0000021162a5c800 flushing nmethod 0x0000021151730f10
Event: 205.188 Thread 0x0000021162a5c800 flushing nmethod 0x0000021151774b90
Event: 205.188 Thread 0x0000021162a5c800 flushing nmethod 0x0000021151776010
Event: 205.188 Thread 0x0000021162a5c800 flushing nmethod 0x0000021151793c90
Event: 205.188 Thread 0x0000021162a5c800 flushing nmethod 0x0000021151795390
Event: 205.188 Thread 0x0000021162a5c800 flushing nmethod 0x00000211517a7210
Event: 205.188 Thread 0x0000021162a5c800 flushing nmethod 0x00000211517a7d90
Event: 205.189 Thread 0x0000021162a5c800 flushing nmethod 0x00000211517f9d90
Event: 205.189 Thread 0x0000021162a5c800 flushing nmethod 0x0000021151811410
Event: 205.189 Thread 0x0000021162a5c800 flushing nmethod 0x0000021151831e90
Event: 205.189 Thread 0x0000021162a5c800 flushing nmethod 0x0000021151833b90
Event: 205.189 Thread 0x0000021162a5c800 flushing nmethod 0x0000021151836b90
Event: 205.189 Thread 0x0000021162a5c800 flushing nmethod 0x0000021151863610
Event: 205.189 Thread 0x0000021162a5c800 flushing nmethod 0x000002115187a710
Event: 205.271 Executing VM operation: RevokeBias
Event: 205.271 Executing VM operation: RevokeBias done
Event: 205.275 Executing VM operation: RevokeBias
Event: 205.277 Executing VM operation: RevokeBias done
Event: 205.293 Executing VM operation: RevokeBias
Event: 205.294 Executing VM operation: RevokeBias done


Dynamic libraries:
0x00007ff6ce180000 - 0x00007ff6ce18d000 	C:\Program Files\OpenJDK\openjdk-11.0.8_10\bin\java.exe
0x00007ffc55f90000 - 0x00007ffc56185000 	C:\Windows\SYSTEM32\ntdll.dll
0x00007ffc54b70000 - 0x00007ffc54c2d000 	C:\Windows\System32\KERNEL32.DLL
0x00007ffc53b90000 - 0x00007ffc53e59000 	C:\Windows\System32\KERNELBASE.dll
0x00007ffc53750000 - 0x00007ffc53850000 	C:\Windows\System32\ucrtbase.dll
0x00007ffc4c360000 - 0x00007ffc4c378000 	C:\Program Files\OpenJDK\openjdk-11.0.8_10\bin\jli.dll
0x00007ffc4c290000 - 0x00007ffc4c2a6000 	C:\Program Files\OpenJDK\openjdk-11.0.8_10\bin\VCRUNTIME140.dll
0x00007ffc551a0000 - 0x00007ffc55340000 	C:\Windows\System32\USER32.dll
0x00007ffc53720000 - 0x00007ffc53742000 	C:\Windows\System32\win32u.dll
0x00007ffc3b350000 - 0x00007ffc3b5ea000 	C:\Windows\WinSxS\amd64_microsoft.windows.common-controls_6595b64144ccf1df_6.0.19041.1110_none_60b5254171f9507e\COMCTL32.dll
0x00007ffc54180000 - 0x00007ffc541aa000 	C:\Windows\System32\GDI32.dll
0x00007ffc54c90000 - 0x00007ffc54d2e000 	C:\Windows\System32\msvcrt.dll
0x00007ffc53850000 - 0x00007ffc5395b000 	C:\Windows\System32\gdi32full.dll
0x00007ffc539f0000 - 0x00007ffc53a8d000 	C:\Windows\System32\msvcp_win.dll
0x00007ffc546e0000 - 0x00007ffc54710000 	C:\Windows\System32\IMM32.DLL
0x00007ffc15c00000 - 0x00007ffc15caa000 	C:\Program Files\OpenJDK\openjdk-11.0.8_10\bin\msvcp140.dll
0x00007ffc0a8f0000 - 0x00007ffc0b425000 	C:\Program Files\OpenJDK\openjdk-11.0.8_10\bin\server\jvm.dll
0x00007ffc55340000 - 0x00007ffc553ec000 	C:\Windows\System32\ADVAPI32.dll
0x00007ffc55c80000 - 0x00007ffc55d1b000 	C:\Windows\System32\sechost.dll
0x00007ffc55d20000 - 0x00007ffc55e4a000 	C:\Windows\System32\RPCRT4.dll
0x00007ffc55070000 - 0x00007ffc55078000 	C:\Windows\System32\PSAPI.DLL
0x00007ffc34470000 - 0x00007ffc34497000 	C:\Windows\SYSTEM32\WINMM.dll
0x00007ffc4a960000 - 0x00007ffc4a96a000 	C:\Windows\SYSTEM32\VERSION.dll
0x00007ffc3fc00000 - 0x00007ffc3fc09000 	C:\Windows\SYSTEM32\WSOCK32.dll
0x00007ffc55c10000 - 0x00007ffc55c7b000 	C:\Windows\System32\WS2_32.dll
0x00007ffc51ee0000 - 0x00007ffc51ef2000 	C:\Windows\SYSTEM32\kernel.appcore.dll
0x00007ffc4bda0000 - 0x00007ffc4bdb1000 	C:\Program Files\OpenJDK\openjdk-11.0.8_10\bin\verify.dll
0x00007ffc50c20000 - 0x00007ffc50e04000 	C:\Windows\SYSTEM32\DBGHELP.DLL
0x00007ffc4a730000 - 0x00007ffc4a75c000 	C:\Windows\SYSTEM32\dbgcore.DLL
0x00007ffc53960000 - 0x00007ffc539e3000 	C:\Windows\System32\bcryptPrimitives.dll
0x00007ffc4bc70000 - 0x00007ffc4bc99000 	C:\Program Files\OpenJDK\openjdk-11.0.8_10\bin\java.dll
0x00007ffc4d8e0000 - 0x00007ffc4d8ea000 	C:\Program Files\OpenJDK\openjdk-11.0.8_10\bin\jimage.dll
0x00007ffc4c8e0000 - 0x00007ffc4c8ee000 	C:\Program Files\OpenJDK\openjdk-11.0.8_10\bin\instrument.dll
0x00007ffc4bd10000 - 0x00007ffc4bd27000 	C:\Program Files\OpenJDK\openjdk-11.0.8_10\bin\zip.dll
0x00007ffc554d0000 - 0x00007ffc55c0f000 	C:\Windows\System32\SHELL32.dll
0x00007ffc51740000 - 0x00007ffc51ed0000 	C:\Windows\SYSTEM32\windows.storage.dll
0x00007ffc54810000 - 0x00007ffc54b65000 	C:\Windows\System32\combase.dll
0x00007ffc53010000 - 0x00007ffc5303c000 	C:\Windows\SYSTEM32\Wldp.dll
0x00007ffc540d0000 - 0x00007ffc5417e000 	C:\Windows\System32\SHCORE.dll
0x00007ffc54c30000 - 0x00007ffc54c85000 	C:\Windows\System32\shlwapi.dll
0x00007ffc535d0000 - 0x00007ffc535ef000 	C:\Windows\SYSTEM32\profapi.dll
0x00007ffc4bb50000 - 0x00007ffc4bb69000 	C:\Program Files\OpenJDK\openjdk-11.0.8_10\bin\net.dll
0x00007ffc4dbe0000 - 0x00007ffc4dce8000 	C:\Windows\SYSTEM32\WINHTTP.dll
0x00007ffc52df0000 - 0x00007ffc52e5a000 	C:\Windows\system32\mswsock.dll
0x00007ffc4bb30000 - 0x00007ffc4bb43000 	C:\Program Files\OpenJDK\openjdk-11.0.8_10\bin\nio.dll
0x00007ffc53050000 - 0x00007ffc53068000 	C:\Windows\SYSTEM32\CRYPTSP.dll
0x00007ffc52720000 - 0x00007ffc52754000 	C:\Windows\system32\rsaenh.dll
0x00007ffc536f0000 - 0x00007ffc53717000 	C:\Windows\System32\bcrypt.dll
0x00007ffc53590000 - 0x00007ffc535be000 	C:\Windows\SYSTEM32\USERENV.dll
0x00007ffc52f80000 - 0x00007ffc52f8c000 	C:\Windows\SYSTEM32\CRYPTBASE.dll
0x00007ffc52ab0000 - 0x00007ffc52aeb000 	C:\Windows\SYSTEM32\IPHLPAPI.DLL
0x00007ffc54800000 - 0x00007ffc54808000 	C:\Windows\System32\NSI.dll
0x00007ffc4a840000 - 0x00007ffc4a857000 	C:\Windows\SYSTEM32\dhcpcsvc6.DLL
0x00007ffc4ac70000 - 0x00007ffc4ac8d000 	C:\Windows\SYSTEM32\dhcpcsvc.DLL
0x00007ffc52af0000 - 0x00007ffc52bbc000 	C:\Windows\SYSTEM32\DNSAPI.dll
0x00007ffc3df00000 - 0x00007ffc3df3e000 	C:\Users\nguyen huu tri\AppData\Roaming\Code\User\globalStorage\redhat.java\0.81.0\config_win\org.eclipse.equinox.launcher\org.eclipse.equinox.launcher.win32.win32.x86_64_1.2.300.v20210622-1446\eclipse_11503.dll
0x00007ffc47e10000 - 0x00007ffc47e21000 	C:\Users\nguyen huu tri\AppData\Roaming\Code\User\globalStorage\redhat.java\0.81.0\config_win\org.eclipse.osgi\22\0\.cp\jWinHttp-1.0.0.dll
0x00007ffc54d30000 - 0x00007ffc54e5a000 	C:\Windows\System32\ole32.dll
0x00007ffc3bc40000 - 0x00007ffc3bc66000 	C:\Program Files\OpenJDK\openjdk-11.0.8_10\bin\sunec.dll
0x00007ffc4a8c0000 - 0x00007ffc4a8ca000 	C:\Windows\System32\rasadhlp.dll
0x00007ffc48ce0000 - 0x00007ffc48d5f000 	C:\Windows\System32\fwpuclnt.dll
0x00007ffc4c3d0000 - 0x00007ffc4c3de000 	C:\Program Files\OpenJDK\openjdk-11.0.8_10\bin\sunmscapi.dll
0x00007ffc53e60000 - 0x00007ffc53fbf000 	C:\Windows\System32\CRYPT32.dll
0x00007ffc53160000 - 0x00007ffc53187000 	C:\Windows\SYSTEM32\ncrypt.dll
0x00007ffc53120000 - 0x00007ffc5315b000 	C:\Windows\SYSTEM32\NTASN1.dll

dbghelp: loaded successfully - version: 4.0.5 - missing functions: none
symbol engine: initialized successfully - sym options: 0x614 - pdb path: .;C:\Program Files\OpenJDK\openjdk-11.0.8_10\bin;C:\Windows\SYSTEM32;C:\Windows\WinSxS\amd64_microsoft.windows.common-controls_6595b64144ccf1df_6.0.19041.1110_none_60b5254171f9507e;C:\Program Files\OpenJDK\openjdk-11.0.8_10\bin\server;C:\Users\nguyen huu tri\AppData\Roaming\Code\User\globalStorage\redhat.java\0.81.0\config_win\org.eclipse.equinox.launcher\org.eclipse.equinox.launcher.win32.win32.x86_64_1.2.300.v20210622-1446;C:\Users\nguyen huu tri\AppData\Roaming\Code\User\globalStorage\redhat.java\0.81.0\config_win\org.eclipse.osgi\22\0\.cp

VM Arguments:
jvm_args: --add-modules=ALL-SYSTEM --add-opens=java.base/java.util=ALL-UNNAMED --add-opens=java.base/java.lang=ALL-UNNAMED -Declipse.application=org.eclipse.jdt.ls.core.id1 -Dosgi.bundles.defaultStartLevel=4 -Declipse.product=org.eclipse.jdt.ls.core.product -Dfile.encoding=utf8 -DwatchParentProcess=false -XX:+UseParallelGC -XX:GCTimeRatio=4 -XX:AdaptiveSizePolicyWeight=90 -Dsun.zip.disableMemoryMapping=true -Xmx1G -Xms100m -javaagent:c:\Users\nguyen huu tri\.vscode\extensions\gabrielbb.vscode-lombok-1.0.1\server\lombok.jar -Xverify:none 
java_command: c:\Users\nguyen huu tri\.vscode\extensions\redhat.java-0.81.0\server\plugins\org.eclipse.equinox.launcher_1.6.200.v20210416-2027.jar -configuration c:\Users\nguyen huu tri\AppData\Roaming\Code\User\globalStorage\redhat.java\0.81.0\config_win -data c:\Users\nguyen huu tri\AppData\Roaming\Code\User\workspaceStorage\20ed4487bc23ebafb42902d65bc63daa\redhat.java\jdt_ws
java_class_path (initial): c:\Users\nguyen huu tri\.vscode\extensions\redhat.java-0.81.0\server\plugins\org.eclipse.equinox.launcher_1.6.200.v20210416-2027.jar
Launcher Type: SUN_STANDARD

[Global flags]
    uintx AdaptiveSizePolicyWeight                 = 90                                        {product} {command line}
     bool BytecodeVerificationLocal                = false                                     {product} {command line}
     bool BytecodeVerificationRemote               = false                                     {product} {command line}
     intx CICompilerCount                          = 4                                         {product} {ergonomic}
    uintx GCTimeRatio                              = 4                                         {product} {command line}
   size_t InitialHeapSize                          = 104857600                                 {product} {command line}
   size_t MaxHeapSize                              = 1073741824                                {product} {command line}
   size_t MaxNewSize                               = 357564416                                 {product} {ergonomic}
   size_t MinHeapDeltaBytes                        = 524288                                    {product} {ergonomic}
   size_t NewSize                                  = 34603008                                  {product} {ergonomic}
    uintx NonNMethodCodeHeapSize                   = 5836300                                {pd product} {ergonomic}
    uintx NonProfiledCodeHeapSize                  = 122910970                              {pd product} {ergonomic}
   size_t OldSize                                  = 70254592                                  {product} {ergonomic}
    uintx ProfiledCodeHeapSize                     = 122910970                              {pd product} {ergonomic}
    uintx ReservedCodeCacheSize                    = 251658240                              {pd product} {ergonomic}
     bool SegmentedCodeCache                       = true                                      {product} {ergonomic}
     bool UseCompressedClassPointers               = true                                 {lp64_product} {ergonomic}
     bool UseCompressedOops                        = true                                 {lp64_product} {ergonomic}
     bool UseLargePagesIndividualAllocation        = false                                  {pd product} {ergonomic}
     bool UseParallelGC                            = true                                      {product} {command line}

Logging:
Log output configuration:
 #0: stdout all=warning uptime,level,tags
 #1: stderr all=off uptime,level,tags

Environment Variables:
JAVA_HOME=C:\Program Files\OpenJDK\openjdk-11.0.8_10
PATH=C:\Program Files\Microsoft MPI\Bin\;C:\Python38\Scripts\;C:\Python38\;C:\Windows\system32;C:\Windows;C:\Windows\System32\Wbem;C:\Windows\System32\WindowsPowerShell\v1.0\;C:\Windows\System32\OpenSSH\;C:\ProgramData\chocolatey\bin;C:\Program Files\nodejs\;C:\Program Files (x86)\Java\jdk1.7.0_80\bin;C:\Program Files (x86)\Yarn\bin\;C:\Program Files\dotnet\;C:\Program Files\Microsoft SQL Server\130\Tools\Binn\;C:\Program Files\Microsoft SQL Server\Client SDK\ODBC\170\Tools\Binn\;C:\Program Files (x86)\Microsoft SQL Server\150\Tools\Binn\;C:\Program Files\Microsoft SQL Server\150\Tools\Binn\;C:\Program Files (x86)\Microsoft SQL Server\150\DTS\Binn\;C:\Program Files\Microsoft SQL Server\150\DTS\Binn\;C:\Program Files\Azure Data Studio\bin;C:\Program Files (x86)\dotnet\;C:\Program Files\Go\bin;C:\Program Files\Git\cmd;C:\Program Files\Docker\Docker\resources\bin;C:\ProgramData\DockerDesktop\version-bin;C:\Users\nguyen huu tri\AppData\Local\Microsoft\WindowsApps;C:\Users\nguyen huu tri\AppData\Roaming\npm;C:\Users\nguyen huu tri\AppData\Local\Programs\Microsoft VS Code\bin;C:\Users\nguyen huu tri\AppData\Local\Yarn\bin;C:\Users\nguyen huu tri\.dotnet\tools;C:\Program Files\Azure Data Studio\bin;C:\Users\nguyen huu tri\go\bin
USERNAME=nguyen huu tri
OS=Windows_NT
PROCESSOR_IDENTIFIER=Intel64 Family 6 Model 142 Stepping 10, GenuineIntel



---------------  S Y S T E M  ---------------

OS: Windows 10 , 64 bit Build 19041 (10.0.19041.1151)
OS uptime: 17 days 7:20 hours
HyperV virtualization detected

CPU:total 8 (initial active 8) (4 cores per cpu, 2 threads per core) family 6 model 142 stepping 10, cmov, cx8, fxsr, mmx, sse, sse2, sse3, ssse3, sse4.1, sse4.2, popcnt, avx, avx2, aes, clmul, erms, 3dnowpref, lzcnt, ht, tsc, tscinvbit, bmi1, bmi2, adx, fma

Memory: 4k page, system-wide physical 8052M (378M free)
TotalPageFile size 32628M (AvailPageFile size 54M)
current process WorkingSet (physical memory assigned to process): 419M, peak: 419M
current process commit charge ("private bytes"): 994M, peak: 1001M

vm_info: OpenJDK 64-Bit Server VM (11.0.8+10) for windows-amd64 JRE (11.0.8+10), built on Jul 10 2020 19:19:20 by "" with MS VC++ 15.5 (VS2017)

END.
